<?xml version="1.0" encoding="UTF-8"?>
<!-- Generated by org.testng.reporters.JUnitReportReporter -->
<testsuite skipped="0" hostname="DESKTOP-1GCINBS" name="newTestCases.getRequest" tests="3" failures="0" timestamp="16 Mar 2020 14:33:50 GMT" time="2.882" errors="0">
  <testcase name="getOkRequest" time="1.912" classname="newTestCases.getRequest"/>
  <testcase name="schemaValidation" time="0.498" classname="newTestCases.getRequest"/>
  <testcase name="xpathValidation" time="0.472" classname="newTestCases.getRequest"/>
</testsuite> <!-- newTestCases.getRequest -->
