<?xml version="1.0" encoding="UTF-8"?>
<!-- Generated by org.testng.reporters.JUnitReportReporter -->
<testsuite skipped="0" hostname="DESKTOP-1GCINBS" name="constants.StopEmu" tests="1" failures="0" timestamp="16 Mar 2020 14:33:50 GMT" time="0.361" errors="0">
  <testcase name="StopEmuWithService" time="0.361" classname="constants.StopEmu"/>
</testsuite> <!-- constants.StopEmu -->
