<?xml version="1.0" encoding="UTF-8"?>
<!-- Generated by org.testng.reporters.JUnitReportReporter -->
<testsuite skipped="0" hostname="DESKTOP-1GCINBS" name="constants.StartEmu" tests="1" failures="0" timestamp="16 Mar 2020 14:33:50 GMT" time="0.170" errors="0">
  <testcase name="startEmuWithServices" time="0.170" classname="constants.StartEmu"/>
</testsuite> <!-- constants.StartEmu -->
