<?xml version="1.0" encoding="UTF-8"?>
<!-- Generated by org.testng.reporters.JUnitReportReporter -->
<testsuite skipped="0" hostname="DESKTOP-1GCINBS" name="helpers.ExtentStartMethod" tests="1" failures="0" timestamp="16 Mar 2020 16:36:48 GMT" time="0.134" errors="0">
  <testcase name="startEmuWithServices" time="0.134" classname="helpers.ExtentStartMethod"/>
</testsuite> <!-- helpers.ExtentStartMethod -->
