<?xml version="1.0" encoding="UTF-8"?>
<!-- Generated by org.testng.reporters.JUnitReportReporter -->
<testsuite skipped="0" hostname="DESKTOP-1GCINBS" name="helpers.ExtentStopMethod" tests="1" failures="0" timestamp="16 Mar 2020 16:36:48 GMT" time="0.264" errors="0">
  <testcase name="StopEmuWithService" time="0.264" classname="helpers.ExtentStopMethod"/>
</testsuite> <!-- helpers.ExtentStopMethod -->
