<?xml version="1.0" encoding="UTF-8"?>
<!-- Generated by org.testng.reporters.JUnitReportReporter -->
<testsuite skipped="0" hostname="DESKTOP-1GCINBS" name="TestCases.getRequest" tests="3" failures="0" timestamp="16 Mar 2020 16:36:48 GMT" time="2.736" errors="0">
  <testcase name="getOkRequest" time="1.672" classname="TestCases.getRequest"/>
  <testcase name="schemaValidation" time="0.481" classname="TestCases.getRequest"/>
  <testcase name="xpathValidation" time="0.583" classname="TestCases.getRequest"/>
</testsuite> <!-- TestCases.getRequest -->
