<?xml version="1.0" encoding="UTF-8"?>
<!-- Generated by org.testng.reporters.JUnitReportReporter -->
<testsuite skipped="0" hostname="DESKTOP-1GCINBS" name="GetTeams" tests="1" failures="0" timestamp="16 Mar 2020 08:59:07 GMT" time="4.820" errors="0">
  <testcase name="GetTeams" time="4.820" classname="GetTeams"/>
</testsuite> <!-- GetTeams -->
