<?xml version="1.0" encoding="UTF-8"?>
<!-- Generated by org.testng.reporters.JUnitReportReporter -->
<testsuite skipped="0" hostname="DESKTOP-1GCINBS" name="TestCases.GetTeams" tests="1" failures="0" timestamp="16 Mar 2020 10:17:13 GMT" time="3.644" errors="0">
  <testcase name="GetTeams" time="3.644" classname="TestCases.GetTeams"/>
</testsuite> <!-- TestCases.GetTeams -->
